<?xml version="1.0" encoding="UTF-8"?>
<!-- Generated by org.testng.reporters.JUnitReportReporter -->
<testsuite hostname="LIN80017360" failures="0" tests="1" name="com.MyTests.SignUpFlow" time="9.552" errors="0" timestamp="2020-07-23T22:09:13 IST" skipped="0">
  <testcase classname="com.MyTests.SignUpFlow" name="signUpPositive" time="9.552"/>
  <system-out/>
</testsuite> <!-- com.MyTests.SignUpFlow -->
