<?xml version="1.0" encoding="UTF-8"?>
<!-- Generated by org.testng.reporters.JUnitReportReporter -->
<testsuite hostname="LIN80017360" failures="0" tests="1" name="com.MyTests.SignUpFlowPositiveTest" time="7.084" errors="0" timestamp="2020-07-23T22:18:10 IST" skipped="0">
  <testcase classname="com.MyTests.SignUpFlowPositiveTest" name="signUpPositive" time="7.084"/>
  <system-out/>
</testsuite> <!-- com.MyTests.SignUpFlowPositiveTest -->
