<?xml version="1.0" encoding="UTF-8"?>
<!-- Generated by org.testng.reporters.JUnitReportReporter -->
<testsuite hostname="LIN80017360" failures="0" tests="1" name="com.MyTests.Set" time="0.007" errors="0" timestamp="2020-07-26T17:34:36 IST" skipped="0">
  <testcase classname="com.MyTests.Set" name="Hashset" time="0.007"/>
  <system-out/>
</testsuite> <!-- com.MyTests.Set -->
