<?xml version="1.0" encoding="UTF-8"?>
<!-- Generated by org.testng.reporters.JUnitReportReporter -->
<testsuite hostname="LIN80017360" failures="0" tests="1" name="com.MyTests.LoginFlow" time="3.635" errors="0" timestamp="2020-07-28T17:25:44 IST" skipped="0">
  <testcase classname="com.MyTests.LoginFlow" name="loginFlow" time="3.635"/>
  <system-out/>
</testsuite> <!-- com.MyTests.LoginFlow -->
